E:\PROJECT\BOOK_MANAGEMENT_SYSTEM_20200921_\3_开发环节_20200925\BOOK_MANMAGEMENT_SYSTEM_V3\BOOK_MANMAGEMENT_SYSTEM_V3\DEBUG\ADDDLG.OBJ
E:\PROJECT\BOOK_MANAGEMENT_SYSTEM_20200921_\3_开发环节_20200925\BOOK_MANMAGEMENT_SYSTEM_V3\BOOK_MANMAGEMENT_SYSTEM_V3\DEBUG\ADMINDLG.OBJ
E:\PROJECT\BOOK_MANAGEMENT_SYSTEM_20200921_\3_开发环节_20200925\BOOK_MANMAGEMENT_SYSTEM_V3\BOOK_MANMAGEMENT_SYSTEM_V3\DEBUG\BOOK_MANMAGEMENT_SYSTEM_V3.EXE.EMBED.MANIFEST
E:\PROJECT\BOOK_MANAGEMENT_SYSTEM_20200921_\3_开发环节_20200925\BOOK_MANMAGEMENT_SYSTEM_V3\BOOK_MANMAGEMENT_SYSTEM_V3\DEBUG\BOOK_MANMAGEMENT_SYSTEM_V3.EXE.EMBED.MANIFEST.RES
E:\PROJECT\BOOK_MANAGEMENT_SYSTEM_20200921_\3_开发环节_20200925\BOOK_MANMAGEMENT_SYSTEM_V3\BOOK_MANMAGEMENT_SYSTEM_V3\DEBUG\BOOK_MANMAGEMENT_SYSTEM_V3.EXE.INTERMEDIATE.MANIFEST
E:\PROJECT\BOOK_MANAGEMENT_SYSTEM_20200921_\3_开发环节_20200925\BOOK_MANMAGEMENT_SYSTEM_V3\BOOK_MANMAGEMENT_SYSTEM_V3\DEBUG\BOOK_MANMAGEMENT_SYSTEM_V3.PCH
E:\PROJECT\BOOK_MANAGEMENT_SYSTEM_20200921_\3_开发环节_20200925\BOOK_MANMAGEMENT_SYSTEM_V3\BOOK_MANMAGEMENT_SYSTEM_V3\DEBUG\BOOK_MANMAGEMENT_SYSTEM_V3.RES
E:\Project\Book_Management_System_20200921_\3_开发环节_20200925\book_manmagement_system_v3\book_manmagement_system_v3\Debug\book_manmagement_system_v3.write.1.tlog
E:\Project\Book_Management_System_20200921_\3_开发环节_20200925\book_manmagement_system_v3\book_manmagement_system_v3\Debug\book_manmagement_system_v3_manifest.rc
E:\PROJECT\BOOK_MANAGEMENT_SYSTEM_20200921_\3_开发环节_20200925\BOOK_MANMAGEMENT_SYSTEM_V3\BOOK_MANMAGEMENT_SYSTEM_V3\DEBUG\BOOK_MANMAGEMENT_SYSTEM_V3DLG.OBJ
E:\Project\Book_Management_System_20200921_\3_开发环节_20200925\book_manmagement_system_v3\book_manmagement_system_v3\Debug\cl.command.1.tlog
E:\Project\Book_Management_System_20200921_\3_开发环节_20200925\book_manmagement_system_v3\book_manmagement_system_v3\Debug\CL.read.1.tlog
E:\Project\Book_Management_System_20200921_\3_开发环节_20200925\book_manmagement_system_v3\book_manmagement_system_v3\Debug\CL.write.1.tlog
E:\PROJECT\BOOK_MANAGEMENT_SYSTEM_20200921_\3_开发环节_20200925\BOOK_MANMAGEMENT_SYSTEM_V3\BOOK_MANMAGEMENT_SYSTEM_V3\DEBUG\EDITDLG.OBJ
E:\Project\Book_Management_System_20200921_\3_开发环节_20200925\book_manmagement_system_v3\book_manmagement_system_v3\Debug\link.command.1.tlog
E:\Project\Book_Management_System_20200921_\3_开发环节_20200925\book_manmagement_system_v3\book_manmagement_system_v3\Debug\link.read.1.tlog
E:\Project\Book_Management_System_20200921_\3_开发环节_20200925\book_manmagement_system_v3\book_manmagement_system_v3\Debug\link.write.1.tlog
E:\Project\Book_Management_System_20200921_\3_开发环节_20200925\book_manmagement_system_v3\book_manmagement_system_v3\Debug\link-cvtres.read.1.tlog
E:\Project\Book_Management_System_20200921_\3_开发环节_20200925\book_manmagement_system_v3\book_manmagement_system_v3\Debug\link-cvtres.write.1.tlog
E:\PROJECT\BOOK_MANAGEMENT_SYSTEM_20200921_\3_开发环节_20200925\BOOK_MANMAGEMENT_SYSTEM_V3\BOOK_MANMAGEMENT_SYSTEM_V3\DEBUG\LOGDLG.OBJ
E:\Project\Book_Management_System_20200921_\3_开发环节_20200925\book_manmagement_system_v3\book_manmagement_system_v3\Debug\mt.command.1.tlog
E:\Project\Book_Management_System_20200921_\3_开发环节_20200925\book_manmagement_system_v3\book_manmagement_system_v3\Debug\mt.read.1.tlog
E:\Project\Book_Management_System_20200921_\3_开发环节_20200925\book_manmagement_system_v3\book_manmagement_system_v3\Debug\mt.write.1.tlog
E:\PROJECT\BOOK_MANAGEMENT_SYSTEM_20200921_\3_开发环节_20200925\BOOK_MANMAGEMENT_SYSTEM_V3\BOOK_MANMAGEMENT_SYSTEM_V3\DEBUG\QUERYDLG.OBJ
E:\Project\Book_Management_System_20200921_\3_开发环节_20200925\book_manmagement_system_v3\book_manmagement_system_v3\Debug\rc.command.1.tlog
E:\Project\Book_Management_System_20200921_\3_开发环节_20200925\book_manmagement_system_v3\book_manmagement_system_v3\Debug\rc.read.1.tlog
E:\Project\Book_Management_System_20200921_\3_开发环节_20200925\book_manmagement_system_v3\book_manmagement_system_v3\Debug\rc.write.1.tlog
E:\PROJECT\BOOK_MANAGEMENT_SYSTEM_20200921_\3_开发环节_20200925\BOOK_MANMAGEMENT_SYSTEM_V3\BOOK_MANMAGEMENT_SYSTEM_V3\DEBUG\SQLITE3.OBJ
E:\PROJECT\BOOK_MANAGEMENT_SYSTEM_20200921_\3_开发环节_20200925\BOOK_MANMAGEMENT_SYSTEM_V3\BOOK_MANMAGEMENT_SYSTEM_V3\DEBUG\STDAFX.OBJ
E:\Project\Book_Management_System_20200921_\3_开发环节_20200925\book_manmagement_system_v3\book_manmagement_system_v3\Debug\vc100.idb
E:\PROJECT\BOOK_MANAGEMENT_SYSTEM_20200921_\3_开发环节_20200925\BOOK_MANMAGEMENT_SYSTEM_V3\BOOK_MANMAGEMENT_SYSTEM_V3\DEBUG\VC100.PDB
E:\PROJECT\BOOK_MANAGEMENT_SYSTEM_20200921_\3_开发环节_20200925\BOOK_MANMAGEMENT_SYSTEM_V3\DEBUG\BOOK_MANMAGEMENT_SYSTEM_V3.EXE
E:\PROJECT\BOOK_MANAGEMENT_SYSTEM_20200921_\3_开发环节_20200925\BOOK_MANMAGEMENT_SYSTEM_V3\DEBUG\BOOK_MANMAGEMENT_SYSTEM_V3.ILK
E:\PROJECT\BOOK_MANAGEMENT_SYSTEM_20200921_\3_开发环节_20200925\BOOK_MANMAGEMENT_SYSTEM_V3\DEBUG\BOOK_MANMAGEMENT_SYSTEM_V3.PDB
