生成启动时间为 2020/9/30 星期三 17:04:07。
     1>项目“E:\Project\Book_Management_System_20200921_\3_开发环节_20200925\book_manmagement_system_v3\book_manmagement_system_v3\book_manmagement_system_v3.vcxproj”在节点 2 上(build 个目标)。
     1>InitializeBuildStatus:
         正在创建“Debug\book_manmagement_system_v3.unsuccessfulbuild”，因为已指定“AlwaysCreate”。
       ClCompile:
         所有输出均为最新。
         所有输出均为最新。
         D:\VS2010\VC\bin\CL.exe /c /ZI /nologo /W3 /WX- /Od /Oy- /D WIN32 /D _WINDOWS /D _DEBUG /D _UNICODE /D UNICODE /D _AFXDLL /Gm /EHsc /RTC1 /MDd /GS /fp:precise /Zc:wchar_t /Zc:forScope /Yu"StdAfx.h" /Fp"Debug\book_manmagement_system_v3.pch" /Fo"Debug\\" /Fd"Debug\vc100.pdb" /Gd /TP /analyze- /errorReport:prompt AdminDlg.cpp
         AdminDlg.cpp
     1>e:\project\book_management_system_20200921_\3_开发环节_20200925\book_manmagement_system_v3\book_manmagement_system_v3\admindlg.cpp(183): warning C4551: 缺少参数列表的函数调用
     1>e:\project\book_management_system_20200921_\3_开发环节_20200925\book_manmagement_system_v3\book_manmagement_system_v3\admindlg.cpp(209): warning C4551: 缺少参数列表的函数调用
       ResourceCompile:
         所有输出均为最新。
       ManifestResourceCompile:
         所有输出均为最新。
       Link:
         D:\VS2010\VC\bin\link.exe /ERRORREPORT:PROMPT /OUT:"E:\Project\Book_Management_System_20200921_\3_开发环节_20200925\book_manmagement_system_v3\Debug\book_manmagement_system_v3.exe" /INCREMENTAL /NOLOGO /MANIFEST /ManifestFile:"Debug\book_manmagement_system_v3.exe.intermediate.manifest" /MANIFESTUAC:"level='asInvoker' uiAccess='false'" /DEBUG /PDB:"E:\Project\Book_Management_System_20200921_\3_开发环节_20200925\book_manmagement_system_v3\Debug\book_manmagement_system_v3.pdb" /SUBSYSTEM:WINDOWS /TLBID:1 /ENTRY:"wWinMainCRTStartup" /DYNAMICBASE /NXCOMPAT /IMPLIB:"E:\Project\Book_Management_System_20200921_\3_开发环节_20200925\book_manmagement_system_v3\Debug\book_manmagement_system_v3.lib" /MACHINE:X86 Debug\book_manmagement_system_v3.res
         Debug\book_manmagement_system_v3.exe.embed.manifest.res
         Debug\sqlite3.obj
         Debug\AddDlg.obj
         Debug\AdminDlg.obj
         Debug\book_manmagement_system_v3.obj
         Debug\EditDlg.obj
         Debug\LogDlg.obj
         Debug\QueryDlg.obj
         Debug\stdafx.obj
       Manifest:
         C:\Program Files (x86)\Microsoft SDKs\Windows\v7.0A\bin\mt.exe /nologo /verbose /out:"Debug\book_manmagement_system_v3.exe.embed.manifest" /manifest Debug\book_manmagement_system_v3.exe.intermediate.manifest D:\VS2010\VC\Include\Manifest\dpiaware.manifest
         所有输出均为最新。
       LinkEmbedManifest:
         所有输出均为最新。
         book_manmagement_system_v3.vcxproj -> E:\Project\Book_Management_System_20200921_\3_开发环节_20200925\book_manmagement_system_v3\Debug\book_manmagement_system_v3.exe
       FinalizeBuildStatus:
         正在删除文件“Debug\book_manmagement_system_v3.unsuccessfulbuild”。
         正在对“Debug\book_manmagement_system_v3.lastbuildstate”执行 Touch 任务。
     1>已完成生成项目“E:\Project\Book_Management_System_20200921_\3_开发环节_20200925\book_manmagement_system_v3\book_manmagement_system_v3\book_manmagement_system_v3.vcxproj”(build 个目标)的操作。

生成成功。

已用时间 00:00:00.33
